{"contracts/DayLimit.sol":{"l":{"22":11,"23":11,"31":3,"32":3,"39":1,"40":1,"50":11,"51":0,"52":0,"56":11,"57":6,"58":6,"60":5,"68":22,"75":0,"76":0},"path":"/Users/WilliamHuang/Developer/Job-Development/BitNation/multi-sig-wallet/contracts/DayLimit.sol","s":{"1":11,"2":11,"3":3,"4":3,"5":1,"6":1,"7":11,"8":0,"9":0,"10":11,"11":6,"12":6,"13":5,"14":22,"15":0},"b":{"1":[0,11],"2":[6,5],"3":[0,0]},"f":{"1":11,"2":3,"3":1,"4":11,"5":22,"6":0},"fnMap":{"1":{"name":"DayLimit","line":21,"loc":{"start":{"line":21,"column":4},"end":{"line":21,"column":35}}},"2":{"name":"_setDailyLimit","line":30,"loc":{"start":{"line":30,"column":4},"end":{"line":30,"column":53}}},"3":{"name":"_resetSpentToday","line":38,"loc":{"start":{"line":38,"column":4},"end":{"line":38,"column":38}}},"4":{"name":"underLimit","line":48,"loc":{"start":{"line":48,"column":4},"end":{"line":48,"column":61}}},"5":{"name":"today","line":67,"loc":{"start":{"line":67,"column":4},"end":{"line":67,"column":53}}},"6":{"name":"limitedDaily","line":74,"loc":{"start":{"line":74,"column":4},"end":{"line":74,"column":39}}}},"statementMap":{"1":{"start":{"line":22,"column":8},"end":{"line":22,"column":26}},"2":{"start":{"line":23,"column":8},"end":{"line":23,"column":24}},"3":{"start":{"line":31,"column":8},"end":{"line":31,"column":29}},"4":{"start":{"line":32,"column":8},"end":{"line":32,"column":32}},"5":{"start":{"line":39,"column":8},"end":{"line":39,"column":21}},"6":{"start":{"line":40,"column":8},"end":{"line":40,"column":24}},"7":{"start":{"line":50,"column":8},"end":{"line":50,"column":1579}},"8":{"start":{"line":51,"column":12},"end":{"line":51,"column":25}},"9":{"start":{"line":52,"column":12},"end":{"line":52,"column":28}},"10":{"start":{"line":56,"column":8},"end":{"line":56,"column":1833}},"11":{"start":{"line":57,"column":12},"end":{"line":57,"column":31}},"12":{"start":{"line":58,"column":12},"end":{"line":58,"column":23}},"13":{"start":{"line":60,"column":8},"end":{"line":60,"column":20}},"14":{"start":{"line":68,"column":8},"end":{"line":68,"column":27}},"15":{"start":{"line":75,"column":8},"end":{"line":75,"column":34}}},"branchMap":{"1":{"line":50,"type":"if","locations":[{"start":{"line":50,"column":8},"end":{"line":50,"column":8}},{"start":{"line":50,"column":8},"end":{"line":50,"column":8}}]},"2":{"line":56,"type":"if","locations":[{"start":{"line":56,"column":8},"end":{"line":56,"column":8}},{"start":{"line":56,"column":8},"end":{"line":56,"column":8}}]},"3":{"line":75,"type":"if","locations":[{"start":{"line":75,"column":8},"end":{"line":75,"column":8}},{"start":{"line":75,"column":8},"end":{"line":75,"column":8}}]}}},"contracts/Multisig.sol":{"l":{},"path":"/Users/WilliamHuang/Developer/Job-Development/BitNation/multi-sig-wallet/contracts/Multisig.sol","s":{},"b":{},"f":{},"fnMap":{},"statementMap":{},"branchMap":{}},"contracts/MultiSigWallet.sol":{"l":{"36":1,"44":10,"45":10,"60":11,"61":6,"63":6,"64":0,"66":6,"69":5,"70":5,"71":5,"72":5,"73":5,"74":5,"84":1,"85":1,"86":1,"87":1,"88":1,"97":3,"104":1,"113":0,"114":0,"115":0,"117":0},"path":"/Users/WilliamHuang/Developer/Job-Development/BitNation/multi-sig-wallet/contracts/MultiSigWallet.sol","s":{"1":1,"2":10,"3":10,"4":11,"5":6,"6":6,"7":0,"8":6,"9":5,"10":5,"11":5,"12":5,"13":5,"14":5,"15":1,"16":1,"17":1,"18":1,"19":3,"20":1,"21":0,"22":0},"b":{"1":[10,0],"2":[6,5],"3":[0,6],"4":[5,0],"5":[1,0],"6":[1,0]},"f":{"1":11,"2":1,"3":10,"4":11,"5":1,"6":3,"7":1,"8":0},"fnMap":{"1":{"name":"MultisigWallet","line":28,"loc":{"start":{"line":28,"column":4},"end":{"line":30,"column":29}}},"2":{"name":"destroy","line":35,"loc":{"start":{"line":35,"column":4},"end":{"line":35,"column":76}}},"3":{"name":null,"line":42,"loc":{"start":{"line":42,"column":4},"end":{"line":42,"column":20}}},"4":{"name":"execute","line":58,"loc":{"start":{"line":58,"column":4},"end":{"line":58,"column":100}}},"5":{"name":"confirm","line":83,"loc":{"start":{"line":83,"column":4},"end":{"line":83,"column":64}}},"6":{"name":"setDailyLimit","line":96,"loc":{"start":{"line":96,"column":4},"end":{"line":96,"column":88}}},"7":{"name":"resetSpentToday","line":103,"loc":{"start":{"line":103,"column":4},"end":{"line":103,"column":73}}},"8":{"name":"clearPending","line":112,"loc":{"start":{"line":112,"column":4},"end":{"line":112,"column":34}}}},"statementMap":{"1":{"start":{"line":36,"column":8},"end":{"line":36,"column":24}},"2":{"start":{"line":44,"column":8},"end":{"line":44,"column":1199}},"3":{"start":{"line":45,"column":8},"end":{"line":45,"column":37}},"4":{"start":{"line":60,"column":8},"end":{"line":60,"column":1993}},"5":{"start":{"line":61,"column":12},"end":{"line":61,"column":57}},"6":{"start":{"line":63,"column":12},"end":{"line":63,"column":2139}},"7":{"start":{"line":64,"column":16},"end":{"line":64,"column":23}},"8":{"start":{"line":66,"column":12},"end":{"line":66,"column":20}},"9":{"start":{"line":69,"column":8},"end":{"line":69,"column":45}},"10":{"start":{"line":70,"column":8},"end":{"line":70,"column":2342}},"11":{"start":{"line":71,"column":12},"end":{"line":71,"column":27}},"12":{"start":{"line":72,"column":12},"end":{"line":72,"column":33}},"13":{"start":{"line":73,"column":12},"end":{"line":73,"column":31}},"14":{"start":{"line":74,"column":12},"end":{"line":74,"column":65}},"15":{"start":{"line":84,"column":8},"end":{"line":84,"column":2895}},"16":{"start":{"line":85,"column":12},"end":{"line":85,"column":69}},"17":{"start":{"line":86,"column":12},"end":{"line":86,"column":81}},"18":{"start":{"line":88,"column":12},"end":{"line":88,"column":23}},"19":{"start":{"line":97,"column":8},"end":{"line":97,"column":32}},"20":{"start":{"line":104,"column":8},"end":{"line":104,"column":25}},"21":{"start":{"line":113,"column":8},"end":{"line":113,"column":44}},"22":{"start":{"line":114,"column":8},"end":{"line":114,"column":3784}}},"branchMap":{"1":{"line":44,"type":"if","locations":[{"start":{"line":44,"column":8},"end":{"line":44,"column":8}},{"start":{"line":44,"column":8},"end":{"line":44,"column":8}}]},"2":{"line":60,"type":"if","locations":[{"start":{"line":60,"column":8},"end":{"line":60,"column":8}},{"start":{"line":60,"column":8},"end":{"line":60,"column":8}}]},"3":{"line":63,"type":"if","locations":[{"start":{"line":63,"column":12},"end":{"line":63,"column":12}},{"start":{"line":63,"column":12},"end":{"line":63,"column":12}}]},"4":{"line":70,"type":"if","locations":[{"start":{"line":70,"column":8},"end":{"line":70,"column":8}},{"start":{"line":70,"column":8},"end":{"line":70,"column":8}}]},"5":{"line":84,"type":"if","locations":[{"start":{"line":84,"column":8},"end":{"line":84,"column":8}},{"start":{"line":84,"column":8},"end":{"line":84,"column":8}}]},"6":{"line":85,"type":"if","locations":[{"start":{"line":85,"column":12},"end":{"line":85,"column":12}},{"start":{"line":85,"column":12},"end":{"line":85,"column":12}}]}}},"contracts/Shareable.sol":{"l":{"39":12,"40":11,"49":21,"50":6,"61":11,"62":11,"63":11,"64":33,"65":33,"67":11,"68":11,"76":0,"78":0,"79":0,"81":0,"82":0,"83":0,"84":0,"85":0,"86":0,"96":0,"105":12,"115":0,"116":0,"119":0,"120":0,"124":0,"125":0,"135":21,"137":21,"139":19,"141":19,"143":13,"145":13,"146":13,"147":13,"150":19,"152":19,"153":19,"155":19,"157":6,"158":6,"159":6,"162":13,"163":13,"166":13,"174":0,"175":0,"176":0,"177":0,"180":0},"path":"/Users/WilliamHuang/Developer/Job-Development/BitNation/multi-sig-wallet/contracts/Shareable.sol","s":{"1":12,"2":21,"3":11,"4":11,"5":11,"6":33,"7":33,"8":11,"9":11,"10":0,"11":0,"12":0,"13":0,"14":0,"15":0,"16":0,"17":0,"18":0,"19":12,"20":0,"21":0,"22":0,"23":0,"24":0,"25":0,"26":21,"27":21,"28":19,"29":19,"30":13,"31":13,"32":13,"33":13,"34":19,"35":19,"36":19,"37":19,"38":6,"39":13,"40":13,"41":0,"42":0,"43":0},"b":{"1":[11,1],"2":[6,13],"3":[11,0],"4":[0,0],"5":[0,0],"6":[0,0],"7":[19,2],"8":[13,6],"9":[19,0],"10":[6,13],"11":[0,0]},"f":{"1":12,"2":21,"3":11,"4":0,"5":0,"6":12,"7":0,"8":21,"9":0},"fnMap":{"1":{"name":"onlyOwner","line":38,"loc":{"start":{"line":38,"column":4},"end":{"line":38,"column":20}}},"2":{"name":"onlymanyowners","line":48,"loc":{"start":{"line":48,"column":4},"end":{"line":48,"column":45}}},"3":{"name":"Shareable","line":60,"loc":{"start":{"line":60,"column":4},"end":{"line":60,"column":58}}},"4":{"name":"revoke","line":75,"loc":{"start":{"line":75,"column":4},"end":{"line":75,"column":46}}},"5":{"name":"getOwner","line":95,"loc":{"start":{"line":95,"column":4},"end":{"line":95,"column":75}}},"6":{"name":"isOwner","line":104,"loc":{"start":{"line":104,"column":4},"end":{"line":104,"column":57}}},"7":{"name":"hasConfirmed","line":114,"loc":{"start":{"line":114,"column":4},"end":{"line":114,"column":83}}},"8":{"name":"confirmAndCheck","line":133,"loc":{"start":{"line":133,"column":4},"end":{"line":133,"column":70}}},"9":{"name":"clearPending","line":173,"loc":{"start":{"line":173,"column":4},"end":{"line":173,"column":34}}}},"statementMap":{"1":{"start":{"line":39,"column":8},"end":{"line":39,"column":35}},"2":{"start":{"line":49,"column":8},"end":{"line":49,"column":1748}},"3":{"start":{"line":61,"column":8},"end":{"line":61,"column":29}},"4":{"start":{"line":62,"column":8},"end":{"line":62,"column":33}},"5":{"start":{"line":63,"column":8},"end":{"line":63,"column":2268}},"6":{"start":{"line":64,"column":12},"end":{"line":64,"column":37}},"7":{"start":{"line":65,"column":12},"end":{"line":65,"column":41}},"8":{"start":{"line":67,"column":8},"end":{"line":67,"column":27}},"9":{"start":{"line":68,"column":8},"end":{"line":68,"column":40}},"10":{"start":{"line":76,"column":8},"end":{"line":76,"column":45}},"11":{"start":{"line":78,"column":8},"end":{"line":78,"column":2776}},"12":{"start":{"line":79,"column":12},"end":{"line":79,"column":18}},"13":{"start":{"line":81,"column":8},"end":{"line":81,"column":39}},"14":{"start":{"line":82,"column":8},"end":{"line":82,"column":42}},"15":{"start":{"line":83,"column":8},"end":{"line":83,"column":2918}},"16":{"start":{"line":85,"column":12},"end":{"line":85,"column":46}},"17":{"start":{"line":86,"column":12},"end":{"line":86,"column":41}},"18":{"start":{"line":96,"column":8},"end":{"line":96,"column":46}},"19":{"start":{"line":105,"column":8},"end":{"line":105,"column":36}},"20":{"start":{"line":115,"column":8},"end":{"line":115,"column":42}},"21":{"start":{"line":116,"column":8},"end":{"line":116,"column":41}},"22":{"start":{"line":119,"column":8},"end":{"line":119,"column":4219}},"23":{"start":{"line":120,"column":12},"end":{"line":120,"column":24}},"24":{"start":{"line":124,"column":8},"end":{"line":124,"column":39}},"25":{"start":{"line":125,"column":8},"end":{"line":125,"column":57}},"26":{"start":{"line":135,"column":8},"end":{"line":135,"column":45}},"27":{"start":{"line":137,"column":8},"end":{"line":137,"column":26}},"28":{"start":{"line":139,"column":8},"end":{"line":139,"column":42}},"29":{"start":{"line":141,"column":8},"end":{"line":141,"column":5034}},"30":{"start":{"line":143,"column":12},"end":{"line":143,"column":39}},"31":{"start":{"line":145,"column":12},"end":{"line":145,"column":33}},"32":{"start":{"line":146,"column":12},"end":{"line":146,"column":49}},"33":{"start":{"line":147,"column":12},"end":{"line":147,"column":52}},"34":{"start":{"line":150,"column":8},"end":{"line":150,"column":39}},"35":{"start":{"line":152,"column":8},"end":{"line":152,"column":5582}},"36":{"start":{"line":153,"column":12},"end":{"line":153,"column":47}},"37":{"start":{"line":155,"column":12},"end":{"line":155,"column":5753}},"38":{"start":{"line":159,"column":16},"end":{"line":159,"column":27}},"39":{"start":{"line":163,"column":16},"end":{"line":163,"column":50}},"40":{"start":{"line":166,"column":8},"end":{"line":166,"column":20}},"41":{"start":{"line":174,"column":8},"end":{"line":174,"column":44}},"42":{"start":{"line":175,"column":8},"end":{"line":175,"column":6374}},"43":{"start":{"line":176,"column":12},"end":{"line":176,"column":6429}}},"branchMap":{"1":{"line":39,"type":"if","locations":[{"start":{"line":39,"column":8},"end":{"line":39,"column":8}},{"start":{"line":39,"column":8},"end":{"line":39,"column":8}}]},"2":{"line":49,"type":"if","locations":[{"start":{"line":49,"column":8},"end":{"line":49,"column":8}},{"start":{"line":49,"column":8},"end":{"line":49,"column":8}}]},"3":{"line":68,"type":"if","locations":[{"start":{"line":68,"column":8},"end":{"line":68,"column":8}},{"start":{"line":68,"column":8},"end":{"line":68,"column":8}}]},"4":{"line":78,"type":"if","locations":[{"start":{"line":78,"column":8},"end":{"line":78,"column":8}},{"start":{"line":78,"column":8},"end":{"line":78,"column":8}}]},"5":{"line":83,"type":"if","locations":[{"start":{"line":83,"column":8},"end":{"line":83,"column":8}},{"start":{"line":83,"column":8},"end":{"line":83,"column":8}}]},"6":{"line":119,"type":"if","locations":[{"start":{"line":119,"column":8},"end":{"line":119,"column":8}},{"start":{"line":119,"column":8},"end":{"line":119,"column":8}}]},"7":{"line":137,"type":"if","locations":[{"start":{"line":137,"column":8},"end":{"line":137,"column":8}},{"start":{"line":137,"column":8},"end":{"line":137,"column":8}}]},"8":{"line":141,"type":"if","locations":[{"start":{"line":141,"column":8},"end":{"line":141,"column":8}},{"start":{"line":141,"column":8},"end":{"line":141,"column":8}}]},"9":{"line":152,"type":"if","locations":[{"start":{"line":152,"column":8},"end":{"line":152,"column":8}},{"start":{"line":152,"column":8},"end":{"line":152,"column":8}}]},"10":{"line":155,"type":"if","locations":[{"start":{"line":155,"column":12},"end":{"line":155,"column":12}},{"start":{"line":155,"column":12},"end":{"line":155,"column":12}}]},"11":{"line":176,"type":"if","locations":[{"start":{"line":176,"column":12},"end":{"line":176,"column":12}},{"start":{"line":176,"column":12},"end":{"line":176,"column":12}}]}}}}